
  .   ____          _            __ _ _
 /\\ / ___'_ __ _ _(_)_ __  __ _ \ \ \ \
( ( )\___ | '_ | '_| | '_ \/ _` | \ \ \ \
 \\/  ___)| |_)| | | | | || (_| |  ) ) ) )
  '  |____| .__|_| |_|_| |_\__, | / / / /
 =========|_|==============|___/=/_/_/_/

 :: Spring Boot ::                (v3.4.5)

2026-06-16T03:12:03.205-04:00  INFO 103998 --- [           main] com.example.aipal.AiPalApplication       : Starting AiPalApplication v0.0.1-SNAPSHOT using Java 21.0.11 with PID 103998 (/home/tsk/learn/mirror/target/aipal-mirror-0.0.1-SNAPSHOT.jar started by tsk in /home/tsk/learn/mirror)
2026-06-16T03:12:03.214-04:00  INFO 103998 --- [           main] com.example.aipal.AiPalApplication       : No active profile set, falling back to 1 default profile: "default"
2026-06-16T03:12:05.454-04:00  INFO 103998 --- [           main] o.s.b.w.embedded.tomcat.TomcatWebServer  : Tomcat initialized with port 18080 (http)
2026-06-16T03:12:05.481-04:00  INFO 103998 --- [           main] o.apache.catalina.core.StandardService   : Starting service [Tomcat]
2026-06-16T03:12:05.481-04:00  INFO 103998 --- [           main] o.apache.catalina.core.StandardEngine    : Starting Servlet engine: [Apache Tomcat/10.1.40]
2026-06-16T03:12:05.545-04:00  INFO 103998 --- [           main] o.a.c.c.C.[Tomcat].[localhost].[/]       : Initializing Spring embedded WebApplicationContext
2026-06-16T03:12:05.548-04:00  INFO 103998 --- [           main] w.s.c.ServletWebServerApplicationContext : Root WebApplicationContext: initialization completed in 2226 ms
2026-06-16T03:12:08.865-04:00  INFO 103998 --- [           main] o.s.b.w.embedded.tomcat.TomcatWebServer  : Tomcat started on port 18080 (http) with context path '/'
2026-06-16T03:12:08.907-04:00  INFO 103998 --- [           main] com.example.aipal.AiPalApplication       : Started AiPalApplication in 6.848 seconds (process running for 8.072)
2026-06-16T03:12:09.630-04:00  INFO 103998 --- [io-18080-exec-1] o.a.c.c.C.[Tomcat].[localhost].[/]       : Initializing Spring DispatcherServlet 'dispatcherServlet'
2026-06-16T03:12:09.631-04:00  INFO 103998 --- [io-18080-exec-1] o.s.web.servlet.DispatcherServlet        : Initializing Servlet 'dispatcherServlet'
2026-06-16T03:12:09.633-04:00  INFO 103998 --- [io-18080-exec-1] o.s.web.servlet.DispatcherServlet        : Completed initialization in 2 ms
2026-06-16T03:12:17.477-04:00  INFO 103998 --- [io-18080-exec-3] o.s.ai.vectorstore.SimpleVectorStore     : Calling EmbeddingModel for document id = d51e2857-7c1d-4557-99e1-ac5a3a70c047
2026-06-16T03:12:17.952-04:00  INFO 103998 --- [io-18080-exec-3] o.s.ai.vectorstore.SimpleVectorStore     : Calling EmbeddingModel for document id = 01460e5c-8a62-4846-9854-bde85fffed02
2026-06-16T03:12:18.447-04:00  INFO 103998 --- [io-18080-exec-3] o.s.ai.vectorstore.SimpleVectorStore     : Calling EmbeddingModel for document id = 650148c6-758c-43f6-ae7d-7d4be555831b
2026-06-16T03:12:18.808-04:00  INFO 103998 --- [io-18080-exec-3] o.s.ai.vectorstore.SimpleVectorStore     : Calling EmbeddingModel for document id = 85593490-c3b4-4920-ad21-50b31d54128a
