
  .   ____          _            __ _ _
 /\\ / ___'_ __ _ _(_)_ __  __ _ \ \ \ \
( ( )\___ | '_ | '_| | '_ \/ _` | \ \ \ \
 \\/  ___)| |_)| | | | | || (_| |  ) ) ) )
  '  |____| .__|_| |_|_| |_\__, | / / / /
 =========|_|==============|___/=/_/_/_/

 :: Spring Boot ::                (v3.4.5)

2026-06-12T04:51:46.843-04:00  INFO 32398 --- [           main] com.example.aipal.AiPalApplication       : Starting AiPalApplication v0.0.1-SNAPSHOT using Java 21.0.11 with PID 32398 (/home/tsk/learn/mirror/target/aipal-mirror-0.0.1-SNAPSHOT.jar started by tsk in /home/tsk/learn/mirror)
2026-06-12T04:51:46.850-04:00  INFO 32398 --- [           main] com.example.aipal.AiPalApplication       : No active profile set, falling back to 1 default profile: "default"
2026-06-12T04:51:48.891-04:00  INFO 32398 --- [           main] o.s.b.w.embedded.tomcat.TomcatWebServer  : Tomcat initialized with port 18080 (http)
2026-06-12T04:51:48.915-04:00  INFO 32398 --- [           main] o.apache.catalina.core.StandardService   : Starting service [Tomcat]
2026-06-12T04:51:48.916-04:00  INFO 32398 --- [           main] o.apache.catalina.core.StandardEngine    : Starting Servlet engine: [Apache Tomcat/10.1.40]
2026-06-12T04:51:48.960-04:00  INFO 32398 --- [           main] o.a.c.c.C.[Tomcat].[localhost].[/]       : Initializing Spring embedded WebApplicationContext
2026-06-12T04:51:48.962-04:00  INFO 32398 --- [           main] w.s.c.ServletWebServerApplicationContext : Root WebApplicationContext: initialization completed in 2021 ms
2026-06-12T04:51:50.643-04:00  INFO 32398 --- [           main] o.s.b.w.embedded.tomcat.TomcatWebServer  : Tomcat started on port 18080 (http) with context path '/'
2026-06-12T04:51:50.670-04:00  INFO 32398 --- [           main] com.example.aipal.AiPalApplication       : Started AiPalApplication in 4.699 seconds (process running for 5.515)
2026-06-12T04:51:53.151-04:00  INFO 32398 --- [io-18080-exec-1] o.a.c.c.C.[Tomcat].[localhost].[/]       : Initializing Spring DispatcherServlet 'dispatcherServlet'
2026-06-12T04:51:53.151-04:00  INFO 32398 --- [io-18080-exec-1] o.s.web.servlet.DispatcherServlet        : Initializing Servlet 'dispatcherServlet'
2026-06-12T04:51:53.155-04:00  INFO 32398 --- [io-18080-exec-1] o.s.web.servlet.DispatcherServlet        : Completed initialization in 4 ms
2026-06-12T04:52:09.258-04:00  INFO 32398 --- [ionShutdownHook] o.s.b.w.e.tomcat.GracefulShutdown        : Commencing graceful shutdown. Waiting for active requests to complete
2026-06-12T04:52:09.262-04:00  INFO 32398 --- [tomcat-shutdown] o.s.b.w.e.tomcat.GracefulShutdown        : Graceful shutdown complete
